<?xml version="1.0" encoding="UTF-8"?>
<robot generator="Robot 6.0 (Python 3.12.3 on win32)" generated="20240514 10:04:42.952" rpa="false" schemaversion="3">
<suite id="s1" name="Post call test" source="E:\ROBOAPI\Tests\Post_call_test.robot">
<test id="s1-t1" name="Test 2" line="14">
<kw name="Create Session" library="RequestsLibrary">
<arg>Session1</arg>
<arg>${base_url}</arg>
<arg>disable_warnings=1</arg>
<doc>Create Session: create a HTTP session to a server</doc>
<msg timestamp="20240514 10:04:43.263" level="INFO">Creating Session using : alias=Session1, url=https://reqres.in/, headers={},                     cookies={}, auth=None, timeout=None, proxies=None, verify=False,                     debug=0 </msg>
<status status="PASS" starttime="20240514 10:04:43.263" endtime="20240514 10:04:43.263"/>
</kw>
<kw name="Set Variable" library="BuiltIn">
<var>${endpoint}</var>
<arg>api/users</arg>
<doc>Returns the given values which can then be assigned to a variables.</doc>
<msg timestamp="20240514 10:04:43.263" level="INFO">${endpoint} = api/users</msg>
<status status="PASS" starttime="20240514 10:04:43.263" endtime="20240514 10:04:43.263"/>
</kw>
<kw name="Create Dictionary" library="BuiltIn">
<var>${body}</var>
<arg>name=gangeshwar</arg>
<arg>job=QA tester</arg>
<doc>Creates and returns a dictionary based on the given ``items``.</doc>
<msg timestamp="20240514 10:04:43.263" level="INFO">${body} = {'name': 'gangeshwar', 'job': 'QA tester'}</msg>
<status status="PASS" starttime="20240514 10:04:43.263" endtime="20240514 10:04:43.263"/>
</kw>
<kw name="POST On Session" library="RequestsLibrary">
<var>${response}</var>
<arg>Session1</arg>
<arg>${endpoint}</arg>
<arg>data=${body}</arg>
<doc>Sends a POST request on a previously created HTTP Session.</doc>
<msg timestamp="20240514 10:04:43.729" level="INFO">POST Request : url=https://reqres.in/api/users 
 path_url=/api/users 
 headers={'User-Agent': 'python-requests/2.31.0', 'Accept-Encoding': 'gzip, deflate', 'Accept': '*/*', 'Connection': 'keep-alive', 'Content-Length': '29', 'Content-Type': 'application/x-www-form-urlencoded'} 
 body=name=gangeshwar&amp;job=QA+tester 
 </msg>
<msg timestamp="20240514 10:04:43.729" level="INFO">POST Response : url=https://reqres.in/api/users 
 status=201, reason=Created 
 headers={'Date': 'Tue, 14 May 2024 04:34:43 GMT', 'Content-Type': 'application/json; charset=utf-8', 'Content-Length': '89', 'Connection': 'keep-alive', 'Report-To': '{"group":"heroku-nel","max_age":3600,"endpoints":[{"url":"https://nel.heroku.com/reports?ts=1715661283&amp;sid=c4c9725f-1ab0-44d8-820f-430df2718e11&amp;s=cRyrgp28gBjZmtXY7K6lQv9zUgyaNB3qAn3R%2BPIYzg4%3D"}]}', 'Reporting-Endpoints': 'heroku-nel=https://nel.heroku.com/reports?ts=1715661283&amp;sid=c4c9725f-1ab0-44d8-820f-430df2718e11&amp;s=cRyrgp28gBjZmtXY7K6lQv9zUgyaNB3qAn3R%2BPIYzg4%3D', 'Nel': '{"report_to":"heroku-nel","max_age":3600,"success_fraction":0.005,"failure_fraction":0.05,"response_headers":["Via"]}', 'X-Powered-By': 'Express', 'Access-Control-Allow-Origin': '*', 'Etag': 'W/"59-kw/wFrRZHTnciUwZq/4rPDcqit4"', 'Via': '1.1 vegur', 'CF-Cache-Status': 'DYNAMIC', 'Server': 'cloudflare', 'CF-RAY': '88382d6db8ac919e-DEL'} 
 body={"name":"gangeshwar","job":"QA tester","id":"400","createdAt":"2024-05-14T04:34:43.705Z"} 
 </msg>
<msg timestamp="20240514 10:04:43.729" level="INFO">${response} = &lt;Response [201]&gt;</msg>
<status status="PASS" starttime="20240514 10:04:43.263" endtime="20240514 10:04:43.729"/>
</kw>
<kw name="Log To Console" library="BuiltIn">
<arg>${response.status_code}</arg>
<doc>Logs the given message to the console.</doc>
<status status="PASS" starttime="20240514 10:04:43.729" endtime="20240514 10:04:43.729"/>
</kw>
<kw name="Log To Console" library="BuiltIn">
<arg>${response.content}</arg>
<doc>Logs the given message to the console.</doc>
<status status="PASS" starttime="20240514 10:04:43.729" endtime="20240514 10:04:43.729"/>
</kw>
<kw name="Convert To String" library="BuiltIn">
<var>${status_code}</var>
<arg>${response.status_code}</arg>
<doc>Converts the given item to a Unicode string.</doc>
<msg timestamp="20240514 10:04:43.729" level="INFO">${status_code} = 201</msg>
<status status="PASS" starttime="20240514 10:04:43.729" endtime="20240514 10:04:43.729"/>
</kw>
<kw name="Should Be Equal" library="BuiltIn">
<arg>${status_code}</arg>
<arg>201</arg>
<doc>Fails if the given objects are unequal.</doc>
<status status="PASS" starttime="20240514 10:04:43.729" endtime="20240514 10:04:43.729"/>
</kw>
<kw name="Convert String To Json" library="JSONLibrary">
<var>${json_response}</var>
<arg>${response.content}</arg>
<doc>Convert String to JSON object</doc>
<msg timestamp="20240514 10:04:43.744" level="INFO">${json_response} = {'name': 'gangeshwar', 'job': 'QA tester', 'id': '400', 'createdAt': '2024-05-14T04:34:43.705Z'}</msg>
<status status="PASS" starttime="20240514 10:04:43.744" endtime="20240514 10:04:43.744"/>
</kw>
<kw name="Get Value From Json" library="JSONLibrary">
<var>${contents}</var>
<arg>${json_response}</arg>
<arg>${id_path}</arg>
<doc>Get Value From JSON using JSONPath</doc>
<msg timestamp="20240514 10:04:43.760" level="INFO">${contents} = ['400']</msg>
<status status="PASS" starttime="20240514 10:04:43.744" endtime="20240514 10:04:43.760"/>
</kw>
<kw name="Should Not Be Empty" library="BuiltIn">
<arg>${contents}</arg>
<doc>Verifies that the given item is not empty.</doc>
<msg timestamp="20240514 10:04:43.760" level="INFO">Length is 1</msg>
<status status="PASS" starttime="20240514 10:04:43.760" endtime="20240514 10:04:43.760"/>
</kw>
<tag>Demo</tag>
<status status="PASS" starttime="20240514 10:04:43.263" endtime="20240514 10:04:43.760"/>
</test>
<status status="PASS" starttime="20240514 10:04:42.952" endtime="20240514 10:04:43.760"/>
</suite>
<statistics>
<total>
<stat pass="1" fail="0" skip="0">All Tests</stat>
</total>
<tag>
<stat pass="1" fail="0" skip="0">Demo</stat>
</tag>
<suite>
<stat pass="1" fail="0" skip="0" id="s1" name="Post call test">Post call test</stat>
</suite>
</statistics>
<errors>
</errors>
</robot>
