<?xml version="1.0" encoding="UTF-8"?>
<robot generator="Robot 6.0 (Python 3.12.3 on win32)" generated="20240514 10:04:09.271" rpa="false" schemaversion="3">
<suite id="s1" name="Put call test" source="E:\ROBOAPI\Tests\Put_call_test.robot">
<test id="s1-t1" name="Test 4" line="14">
<kw name="Create Session" library="RequestsLibrary">
<arg>Session1</arg>
<arg>${base_url}</arg>
<arg>disable_warnings=1</arg>
<doc>Create Session: create a HTTP session to a server</doc>
<msg timestamp="20240514 10:04:09.570" level="INFO">Creating Session using : alias=Session1, url=https://reqres.in/, headers={},                     cookies={}, auth=None, timeout=None, proxies=None, verify=False,                     debug=0 </msg>
<status status="PASS" starttime="20240514 10:04:09.570" endtime="20240514 10:04:09.570"/>
</kw>
<kw name="Set Variable" library="BuiltIn">
<var>${endpoint}</var>
<arg>api/users/2</arg>
<doc>Returns the given values which can then be assigned to a variables.</doc>
<msg timestamp="20240514 10:04:09.570" level="INFO">${endpoint} = api/users/2</msg>
<status status="PASS" starttime="20240514 10:04:09.570" endtime="20240514 10:04:09.570"/>
</kw>
<kw name="Create Dictionary" library="BuiltIn">
<var>${body}</var>
<arg>name=gangeshwargaur</arg>
<arg>job=cricketer</arg>
<doc>Creates and returns a dictionary based on the given ``items``.</doc>
<msg timestamp="20240514 10:04:09.570" level="INFO">${body} = {'name': 'gangeshwargaur', 'job': 'cricketer'}</msg>
<status status="PASS" starttime="20240514 10:04:09.570" endtime="20240514 10:04:09.570"/>
</kw>
<kw name="PUT On Session" library="RequestsLibrary">
<var>${response}</var>
<arg>Session1</arg>
<arg>${endpoint}</arg>
<arg>data=${body}</arg>
<doc>Sends a PUT request on a previously created HTTP Session.</doc>
<msg timestamp="20240514 10:04:10.062" level="INFO">PUT Request : url=https://reqres.in/api/users/2 
 path_url=/api/users/2 
 headers={'User-Agent': 'python-requests/2.31.0', 'Accept-Encoding': 'gzip, deflate', 'Accept': '*/*', 'Connection': 'keep-alive', 'Content-Length': '33', 'Content-Type': 'application/x-www-form-urlencoded'} 
 body=name=gangeshwargaur&amp;job=cricketer 
 </msg>
<msg timestamp="20240514 10:04:10.062" level="INFO">PUT Response : url=https://reqres.in/api/users/2 
 status=200, reason=OK 
 headers={'Date': 'Tue, 14 May 2024 04:34:10 GMT', 'Content-Type': 'application/json; charset=utf-8', 'Transfer-Encoding': 'chunked', 'Connection': 'keep-alive', 'Report-To': '{"group":"heroku-nel","max_age":3600,"endpoints":[{"url":"https://nel.heroku.com/reports?ts=1715661250&amp;sid=c4c9725f-1ab0-44d8-820f-430df2718e11&amp;s=TIqx3AQfmSi9U4RdQdjmPPJ1ljKIC8eEf%2F4CXxPZ0pc%3D"}]}', 'Reporting-Endpoints': 'heroku-nel=https://nel.heroku.com/reports?ts=1715661250&amp;sid=c4c9725f-1ab0-44d8-820f-430df2718e11&amp;s=TIqx3AQfmSi9U4RdQdjmPPJ1ljKIC8eEf%2F4CXxPZ0pc%3D', 'Nel': '{"report_to":"heroku-nel","max_age":3600,"success_fraction":0.005,"failure_fraction":0.05,"response_headers":["Via"]}', 'X-Powered-By': 'Express', 'Access-Control-Allow-Origin': '*', 'Etag': 'W/"52-C4MjS3ulzZkYUPsuhn/Z4ftL39Q"', 'Via': '1.1 vegur', 'CF-Cache-Status': 'DYNAMIC', 'Vary': 'Accept-Encoding', 'Server': 'cloudflare', 'CF-RAY': '88382c9aef7e1bce-DEL', 'Content-Encoding': 'gzip'} 
 body={"name":"gangeshwargaur","job":"cricketer","updatedAt":"2024-05-14T04:34:10.046Z"} 
 </msg>
<msg timestamp="20240514 10:04:10.062" level="INFO">${response} = &lt;Response [200]&gt;</msg>
<status status="PASS" starttime="20240514 10:04:09.570" endtime="20240514 10:04:10.062"/>
</kw>
<kw name="Log To Console" library="BuiltIn">
<arg>${response.status_code}</arg>
<doc>Logs the given message to the console.</doc>
<status status="PASS" starttime="20240514 10:04:10.077" endtime="20240514 10:04:10.077"/>
</kw>
<kw name="Log To Console" library="BuiltIn">
<arg>${response.content}</arg>
<doc>Logs the given message to the console.</doc>
<status status="PASS" starttime="20240514 10:04:10.077" endtime="20240514 10:04:10.077"/>
</kw>
<kw name="Convert To String" library="BuiltIn">
<var>${status_code}</var>
<arg>${response.status_code}</arg>
<doc>Converts the given item to a Unicode string.</doc>
<msg timestamp="20240514 10:04:10.077" level="INFO">${status_code} = 200</msg>
<status status="PASS" starttime="20240514 10:04:10.077" endtime="20240514 10:04:10.077"/>
</kw>
<kw name="Should Be Equal" library="BuiltIn">
<arg>${status_code}</arg>
<arg>200</arg>
<doc>Fails if the given objects are unequal.</doc>
<status status="PASS" starttime="20240514 10:04:10.077" endtime="20240514 10:04:10.077"/>
</kw>
<tag>Demo</tag>
<status status="PASS" starttime="20240514 10:04:09.570" endtime="20240514 10:04:10.077"/>
</test>
<status status="PASS" starttime="20240514 10:04:09.271" endtime="20240514 10:04:10.077"/>
</suite>
<statistics>
<total>
<stat pass="1" fail="0" skip="0">All Tests</stat>
</total>
<tag>
<stat pass="1" fail="0" skip="0">Demo</stat>
</tag>
<suite>
<stat pass="1" fail="0" skip="0" id="s1" name="Put call test">Put call test</stat>
</suite>
</statistics>
<errors>
</errors>
</robot>
